Starting game server on port 8001...
 * Serving Flask app 'app'
 * Debug mode: on
[31m[1mWARNING: This is a development server. Do not use it in a production deployment. Use a production WSGI server instead.[0m
 * Running on all addresses (0.0.0.0)
 * Running on http://127.0.0.1:8001
 * Running on http://192.168.1.239:8001
[33mPress CTRL+C to quit[0m
 * Restarting with stat
 * Debugger is active!
 * Debugger PIN: 140-951-846
127.0.0.1 - - [31/Oct/2025 02:45:31] "GET / HTTP/1.1" 200 -
127.0.0.1 - - [31/Oct/2025 02:45:31] "GET / HTTP/1.1" 200 -
127.0.0.1 - - [31/Oct/2025 02:45:31] "GET /api/game-state HTTP/1.1" 200 -
127.0.0.1 - - [31/Oct/2025 02:45:31] "GET /api/game-state HTTP/1.1" 200 -
127.0.0.1 - - [31/Oct/2025 02:45:31] "GET /api/game-state HTTP/1.1" 200 -
127.0.0.1 - - [31/Oct/2025 02:45:31] "GET /api/game-state HTTP/1.1" 200 -
127.0.0.1 - - [31/Oct/2025 02:45:37] "POST /api/upload-pdf HTTP/1.1" 200 -
127.0.0.1 - - [31/Oct/2025 02:45:37] "OPTIONS /api/generate-course HTTP/1.1" 200 -
127.0.0.1 - - [31/Oct/2025 02:45:37] "POST /api/generate-course HTTP/1.1" 200 -
127.0.0.1 - - [31/Oct/2025 02:45:38] "OPTIONS /api/apply-course-to-game HTTP/1.1" 200 -
127.0.0.1 - - [31/Oct/2025 02:45:38] "[35m[1mPOST /api/apply-course-to-game HTTP/1.1[0m" 500 -
127.0.0.1 - - [31/Oct/2025 02:46:01] "OPTIONS /api/apply-course-to-game HTTP/1.1" 200 -
127.0.0.1 - - [31/Oct/2025 02:46:01] "[35m[1mPOST /api/apply-course-to-game HTTP/1.1[0m" 500 -
127.0.0.1 - - [31/Oct/2025 02:46:04] "GET /api/game-state HTTP/1.1" 200 -
127.0.0.1 - - [31/Oct/2025 02:46:04] "GET /api/game-state HTTP/1.1" 200 -
127.0.0.1 - - [31/Oct/2025 02:46:04] "GET /api/game-state HTTP/1.1" 200 -
127.0.0.1 - - [31/Oct/2025 02:46:23] "POST /api/upload-pdf HTTP/1.1" 200 -
127.0.0.1 - - [31/Oct/2025 02:46:23] "OPTIONS /api/generate-course HTTP/1.1" 200 -
Starting game server on port 8001...
📥 原始文件名: 小学数学基础.txt
🔒 处理后文件名: 20251031_024537_course.txt
💾 保存路径: uploads/20251031_024537_course.txt

============================================================
📤 文件上传成功: 20251031_024537_course.txt
============================================================
📄 读取文本文件: uploads/20251031_024537_course.txt
✅ 文本读取成功，长度: 2162 字符

✅ 文本提取成功!
📄 文本长度: 2162 字符
📝 前500字符预览:
# 课程元信息
课程名称: 小学数学基础
类别: 数学基础
难度: easy
描述: 涵盖小学阶段重要的数学知识点，包括基础运算、几何图形、应用题等核心内容

# 课程内容

## 第一章: 数的认识与运算

### 1. 整数的认识
整数包括自然数和负整数。自然数从0开始，1、2、3、4等都是自然数。我们可以用数轴来表示整数，正数在0的右边，负数在0的左边。整数在日常生活中有很多应用，比如温度计上的温度、海拔高度等都用整数表示。

### 2. 加法和减法
加法是把两个或多个数合并在一起，用加号"+"表示。减法是从一个数中去掉另一个数，用减号"-"表示。加法和减法是互逆运算，比如5+3=8，那么8-3=5。掌握加减法可以帮助我们解决许多生活中的问题，比如买东西找钱、计算距离等。

### 3. 乘法口诀表
乘法是相同数连续相加的简便运算。乘法口诀表也叫九九乘法表，从一一得一到九九八十一，共81句口诀。熟练掌握乘法口诀是学好数学的基础，可以帮助我们快速进行乘法计算。背诵口诀时要理解含义，比如三五十五表示3个5相加等于15。

### 4. 除法的意义
除法是把一个数平均分成若干份，求每
============================================================

🤖 开始生成课程，文本长度: 2162

============================================================
🔍 开始分析文件内容
📄 文件名: 小学数学基础.txt
📏 总字符数: 2162
📝 内容预览:
# 课程元信息
课程名称: 小学数学基础
类别: 数学基础
难度: easy
描述: 涵盖小学阶段重要的数学知识点，包括基础运算、几何图形、应用题等核心内容

# 课程内容

## 第一章: 数的认识与运算

### 1. 整数的认识
整数包括自然数和负整数。自然数从0开始，1、2、3、4等都是自然数。我们可以用数轴来表示整数，正数在0的右边，负数在0的左边。整数在日常生活中有很多应用，比如温度计上的温度、海拔高度等都用整数表示。

### 2. 加法和减法
加法是把两个或多个数合并在一起，用加号"+"表示。减法是从一个数中去掉另一个数，用减号"-"表示。加法和减法是互逆运算，比如5+3=8，
============================================================

✨ 检测到结构化TXT格式，使用专用解析器...
✅ 解析成功!
   - 课程名称: 小学数学基础
   - 类别: 数学基础
   - 难度: easy
   - 知识点数: 15

📚 提取的详细知识点数: 15
✅ 课程生成成功: 小学数学基础
📚 知识点数量: 15

============================================================
🎮 将课程应用到游戏地图
📚 课程: 小学数学基础
🔄 替换模式: True
============================================================

⚠️  替换模式：清除现有地图...

============================================================
🔄 重置游戏地图
============================================================

✅ 地图重置成功!
   删除区域数: 0
   清空课程数: 0
============================================================

✅ 地图已清空，开始添加新课程

📖 检测到 3 个章节:
   - 第一章: 5 个知识点
   - 第二章: 5 个知识点
   - 第三章: 5 个知识点
✅ 创建区域: area2 - 小学数学基础：第一章
   连接: start → area2
   知识点数: 5

❌ 应用课程失败:
Traceback (most recent call last):
  File "/Users/lin/Uni/2025S2/ELEC5620/demo/backend/app.py", line 814, in apply_course_to_game
    position = calculate_new_position(previous_area_id, 0, 1)  # 总是单分支
  File "/Users/lin/Uni/2025S2/ELEC5620/demo/backend/app.py", line 44, in calculate_new_position
    current_pos = game_state['areas'][current_area_id]['position']
KeyError: 'area2'


============================================================
🎮 将课程应用到游戏地图
📚 课程: 小学数学基础
🔄 替换模式: True
============================================================

⚠️  替换模式：清除现有地图...

============================================================
🔄 重置游戏地图
============================================================

✅ 地图重置成功!
   删除区域数: 0
   清空课程数: 1
============================================================

✅ 地图已清空，开始添加新课程

📖 检测到 3 个章节:
   - 第一章: 5 个知识点
   - 第二章: 5 个知识点
   - 第三章: 5 个知识点
✅ 创建区域: area2 - 小学数学基础：第一章
   连接: start → area2
   知识点数: 5

❌ 应用课程失败:
Traceback (most recent call last):
  File "/Users/lin/Uni/2025S2/ELEC5620/demo/backend/app.py", line 814, in apply_course_to_game
    position = calculate_new_position(previous_area_id, 0, 1)  # 总是单分支
  File "/Users/lin/Uni/2025S2/ELEC5620/demo/backend/app.py", line 44, in calculate_new_position
    current_pos = game_state['areas'][current_area_id]['position']
KeyError: 'area2'

📥 原始文件名: 小学数学基础.txt
🔒 处理后文件名: 20251031_024623_course.txt
💾 保存路径: uploads/20251031_024623_course.txt

============================================================
📤 文件上传成功: 20251031_024623_course.txt
============================================================
📄 读取文本文件: uploads/20251031_024623_course.txt
✅ 文本读取成功，长度: 2162 字符

✅ 文本提取成功!
📄 文本长度: 2162 字符
📝 前500字符预览:
# 课程元信息
课程名称: 小学数学基础
类别: 数学基础
难度: easy
描述: 涵盖小学阶段重要的数学知识点，包括基础运算、几何图形、应用题等核心内容

# 课程内容

## 第一章: 数的认识与运算

### 1. 整数的认识
整数包括自然数和负整数。自然数从0开始，1、2、3、4等都是自然数。我们可以用数轴来表示整数，正数在0的右边，负数在0的左边。整数在日常生活中有很多应用，比如温度计上的温度、海拔高度等都用整数表示。

### 2. 加法和减法
加法是把两个或多个数合并在一起，用加号"+"表示。减法是从一个数中去掉另一个数，用减号"-"表示。加法和减法是互逆运算，比如5+3=8，那么8-3=5。掌握加减法可以帮助我们解决许多生活中的问题，比如买东西找钱、计算距离等。

### 3. 乘法口诀表
乘法是相同数连续相加的简便运算。乘法口诀表也叫九九乘法表，从一一得一到九九八十一，共81句口诀。熟练掌握乘法口诀是学好数学的基础，可以帮助我们快速进行乘法计算。背诵口诀时要理解含义，比如三五十五表示3个5相加等于15。

### 4. 除法的意义
除法是把一个数平均分成若干份，求每
============================================================

🤖 开始生成课程，文本长度: 2162

============================================================
🔍 开始分析文件内容
📄 文件名: 小学数学基础.txt
📏 总字符数: 2162
127.0.0.1 - - [31/Oct/2025 02:46:23] "POST /api/generate-course HTTP/1.1" 200 -
127.0.0.1 - - [31/Oct/2025 02:46:24] "OPTIONS /api/apply-course-to-game HTTP/1.1" 200 -
127.0.0.1 - - [31/Oct/2025 02:46:24] "[35m[1mPOST /api/apply-course-to-game HTTP/1.1[0m" 500 -
 * Detected change in '/Users/lin/Uni/2025S2/ELEC5620/demo/backend/app.py', reloading
📝 内容预览:
# 课程元信息
课程名称: 小学数学基础
类别: 数学基础
难度: easy
描述: 涵盖小学阶段重要的数学知识点，包括基础运算、几何图形、应用题等核心内容

# 课程内容

## 第一章: 数的认识与运算

### 1. 整数的认识
整数包括自然数和负整数。自然数从0开始，1、2、3、4等都是自然数。我们可以用数轴来表示整数，正数在0的右边，负数在0的左边。整数在日常生活中有很多应用，比如温度计上的温度、海拔高度等都用整数表示。

### 2. 加法和减法
加法是把两个或多个数合并在一起，用加号"+"表示。减法是从一个数中去掉另一个数，用减号"-"表示。加法和减法是互逆运算，比如5+3=8，
============================================================

✨ 检测到结构化TXT格式，使用专用解析器...
✅ 解析成功!
   - 课程名称: 小学数学基础
   - 类别: 数学基础
   - 难度: easy
   - 知识点数: 15

📚 提取的详细知识点数: 15
✅ 课程生成成功: 小学数学基础
📚 知识点数量: 15

============================================================
🎮 将课程应用到游戏地图
📚 课程: 小学数学基础
🔄 替换模式: True
============================================================

⚠️  替换模式：清除现有地图...

============================================================
🔄 重置游戏地图
============================================================

✅ 地图重置成功!
   删除区域数: 0
   清空课程数: 1
============================================================

✅ 地图已清空，开始添加新课程

📖 检测到 3 个章节:
   - 第一章: 5 个知识点
   - 第二章: 5 个知识点
   - 第三章: 5 个知识点
✅ 创建区域: area2 - 小学数学基础：第一章
   连接: start → area2
   知识点数: 5

❌ 应用课程失败:
Traceback (most recent call last):
  File "/Users/lin/Uni/2025S2/ELEC5620/demo/backend/app.py", line 814, in apply_course_to_game
    position = calculate_new_position(previous_area_id, 0, 1)  # 总是单分支
  File "/Users/lin/Uni/2025S2/ELEC5620/demo/backend/app.py", line 44, in calculate_new_position
    current_pos = game_state['areas'][current_area_id]['position']
KeyError: 'area2'

 * Restarting with stat
 * Debugger is active!
 * Debugger PIN: 140-951-846
/Applications/Xcode.app/Contents/Developer/Library/Frameworks/Python3.framework/Versions/3.9/lib/python3.9/multiprocessing/resource_tracker.py:216: UserWarning: resource_tracker: There appear to be 1 leaked semaphore objects to clean up at shutdown
  warnings.warn('resource_tracker: There appear to be %d '
/Applications/Xcode.app/Contents/Developer/Library/Frameworks/Python3.framework/Versions/3.9/lib/python3.9/multiprocessing/resource_tracker.py:216: UserWarning: resource_tracker: There appear to be 1 leaked semaphore objects to clean up at shutdown
  warnings.warn('resource_tracker: There appear to be %d '
